<?xml version="1.0" encoding="UTF-8"?>
<!-- Generated by org.testng.reporters.JUnitReportReporter -->
<testsuite hostname="Fatemas-MBP" failures="0" tests="3" name="testClassCms.base.TestClass" time="20.501" errors="0" timestamp="2021-11-21T02:52:38 EST" skipped="2">
  <testcase classname="testClassCms.base.TestClass" name="signInTest2" time="20.501"/>
  <system-out/>
  <testcase classname="testClassCms.base.TestClass" name="signInTest">
    <skipped/>
  </testcase> <!-- signInTest -->
  <system-out/>
  <testcase classname="testClassCms.base.TestClass" name="signInTest1">
    <skipped/>
  </testcase> <!-- signInTest1 -->
  <system-out/>
</testsuite> <!-- testClassCms.base.TestClass -->
